<?xml version="1.0" encoding="UTF-8"?>
<!-- Generated by org.testng.reporters.JUnitXMLReporter -->
<testsuite hostname="LAPTOP-9R8O7VC2" ignored="0" name="Default test" tests="4" failures="0" timestamp="25 Dec 2019 18:34:00 GMT" time="53.542" errors="0">
  <testcase name="tc001_login_functionality" time="1.948" classname="org.automation.testcases.TC_001_ValidateLoginFunctionality"/>
  <testcase name="tc001_login_functionality" time="2.256" classname="org.automation.testcases.TC_001_ValidateLoginFunctionality"/>
  <testcase name="tc001_login_functionality" time="2.288" classname="org.automation.testcases.TC_001_ValidateLoginFunctionality"/>
  <testcase name="tc001_login_functionality" time="1.426" classname="org.automation.testcases.TC_001_ValidateLoginFunctionality"/>
</testsuite> <!-- Default test -->
