<?xml version="1.0" encoding="UTF-8"?>
<!-- Generated by org.testng.reporters.JUnitXMLReporter -->
<testsuite hostname="LAPTOP-9R8O7VC2" ignored="0" name="Test" tests="8" failures="0" timestamp="25 Dec 2019 18:41:40 GMT" time="83.157" errors="0">
  <testcase name="tc001_login_functionality" time="1.848" classname="org.automation.testcases.TC_001_ValidateLoginFunctionality"/>
  <testcase name="tc001_login_functionality" time="2.003" classname="org.automation.testcases.TC_001_ValidateLoginFunctionality"/>
  <testcase name="tc001_login_functionality" time="2.318" classname="org.automation.testcases.TC_001_ValidateLoginFunctionality"/>
  <testcase name="tc001_login_functionality" time="1.368" classname="org.automation.testcases.TC_001_ValidateLoginFunctionality"/>
  <testcase name="tc002_register_new_user" time="0.41" classname="org.automation.testcases.TC_002_RegisterNewUser"/>
  <testcase name="tc002_register_new_user" time="0.322" classname="org.automation.testcases.TC_002_RegisterNewUser"/>
  <testcase name="tc002_register_new_user" time="0.384" classname="org.automation.testcases.TC_002_RegisterNewUser"/>
  <testcase name="tc002_register_new_user" time="0.32" classname="org.automation.testcases.TC_002_RegisterNewUser"/>
</testsuite> <!-- Test -->
