<?xml version="1.0" encoding="UTF-8"?>
<!-- Generated by org.testng.reporters.JUnitXMLReporter -->
<testsuite hostname="LAPTOP-9R8O7VC2" ignored="2" name="Test" tests="8" failures="0" timestamp="03 Jan 2020 17:51:51 GMT" time="85.719" errors="0">
  <testcase name="tc001_login_functionality" time="1.758" classname="org.automation.testcases.TC_001_ValidateLoginFunctionality"/>
  <testcase name="tc001_login_functionality" time="1.942" classname="org.automation.testcases.TC_001_ValidateLoginFunctionality"/>
  <testcase name="tc001_login_functionality" time="1.543" classname="org.automation.testcases.TC_001_ValidateLoginFunctionality"/>
  <testcase name="tc001_login_functionality" time="1.548" classname="org.automation.testcases.TC_001_ValidateLoginFunctionality"/>
  <testcase name="tc002_register_new_user" time="0.356" classname="org.automation.testcases.TC_002_RegisterNewUser"/>
  <testcase name="tc002_register_new_user" time="0.408" classname="org.automation.testcases.TC_002_RegisterNewUser"/>
  <testcase name="tc002_register_new_user" time="0.352" classname="org.automation.testcases.TC_002_RegisterNewUser"/>
  <testcase name="tc002_register_new_user" time="0.356" classname="org.automation.testcases.TC_002_RegisterNewUser"/>
  <testcase name="@AfterSuite CloseDriverInstance" time="0.0" classname="org.automation.base.DriverInstance">
    <ignored/>
  </testcase> <!-- @AfterSuite CloseDriverInstance -->
  <testcase name="@BeforeSuite initiateReport" time="0.0" classname="org.automation.base.DriverInstance">
    <ignored/>
  </testcase> <!-- @BeforeSuite initiateReport -->
</testsuite> <!-- Test -->
